<?xml version="1.0" encoding="UTF-8"?>
<!-- Generated by org.testng.reporters.JUnitReportReporter -->
<testsuite hostname="EC2AMAZ-S11DBRH" failures="0" tests="3" name="testScripts.GooglePageTest" time="18.743" errors="0" timestamp="2023-07-19T07:37:14 GMT" skipped="0">
  <testcase classname="testScripts.GooglePageTest" name="appiumSearchTest" time="5.870"/>
  <system-out/>
  <testcase classname="testScripts.GooglePageTest" name="javasearchTest" time="7.203"/>
  <system-out/>
  <testcase classname="testScripts.GooglePageTest" name="seleniumSearchTest" time="5.670"/>
  <system-out/>
</testsuite> <!-- testScripts.GooglePageTest -->
