<?xml version="1.0" encoding="UTF-8"?>
<!-- Generated by org.testng.reporters.JUnitReportReporter -->
<testsuite hostname="EC2AMAZ-S11DBRH" failures="0" tests="1" name="testScripts.LoginTest" time="2.922" errors="0" timestamp="2023-07-19T07:26:25 GMT" skipped="0">
  <testcase classname="testScripts.LoginTest" name="validLogin" time="2.922"/>
  <system-out/>
</testsuite> <!-- testScripts.LoginTest -->
