<?xml version="1.0" encoding="UTF-8"?>
<!-- Generated by org.testng.reporters.JUnitReportReporter -->
<testsuite hostname="EC2AMAZ-S11DBRH" failures="0" tests="4" name="parallelScripts.SampleThreeTest" time="0.037" errors="0" timestamp="2023-07-18T07:50:09 GMT" skipped="0">
  <testcase classname="parallelScripts.SampleThreeTest" name="testFour" time="0.020"/>
  <system-out/>
  <testcase classname="parallelScripts.SampleThreeTest" name="testTwo" time="0.003"/>
  <system-out/>
  <testcase classname="parallelScripts.SampleThreeTest" name="testOne" time="0.003"/>
  <system-out/>
  <testcase classname="parallelScripts.SampleThreeTest" name="testThree" time="0.011"/>
  <system-out/>
</testsuite> <!-- parallelScripts.SampleThreeTest -->
