<?xml version="1.0" encoding="UTF-8"?>
<!-- Generated by org.testng.reporters.JUnitReportReporter -->
<testsuite hostname="EC2AMAZ-S11DBRH" failures="0" tests="2" name="testScripts.GooglePageTest" time="7.820" errors="0" timestamp="2023-07-18T05:09:18 GMT" skipped="0">
  <testcase classname="testScripts.GooglePageTest" name="seleniumSearchTest" time="3.651"/>
  <system-out/>
  <testcase classname="testScripts.GooglePageTest" name="javasearchTest" time="4.169"/>
  <system-out/>
</testsuite> <!-- testScripts.GooglePageTest -->
