<?xml version="1.0" encoding="UTF-8"?>
<!-- Generated by org.testng.reporters.JUnitReportReporter -->
<testsuite hostname="EC2AMAZ-S11DBRH" failures="0" tests="1" name="testScripts.RemoteDriverTest" time="7.691" errors="0" timestamp="2023-07-21T07:57:19 GMT" skipped="0">
  <testcase classname="testScripts.RemoteDriverTest" name="test" time="7.691"/>
  <system-out/>
</testsuite> <!-- testScripts.RemoteDriverTest -->
