<?xml version="1.0" encoding="UTF-8"?>
<!-- Generated by org.testng.reporters.JUnitReportReporter -->
<testsuite hostname="EC2AMAZ-S11DBRH" failures="0" tests="1" name="testScripts.CDPTest" time="2.537" errors="0" timestamp="2023-07-21T06:15:04 GMT" skipped="0">
  <testcase classname="testScripts.CDPTest" name="basicAuthTest" time="2.537"/>
  <system-out/>
</testsuite> <!-- testScripts.CDPTest -->
