<?xml version="1.0" encoding="UTF-8"?>
<!-- Generated by org.testng.reporters.JUnitReportReporter -->
<testsuite hostname="EC2AMAZ-S11DBRH" failures="0" tests="2" name="testScripts.GooglePageTest" time="41.637" errors="0" timestamp="2023-07-20T05:29:06 GMT" skipped="1">
  <testcase classname="testScripts.GooglePageTest" name="seleniumSearchTest" time="26.608">
    <skipped/>
  </testcase> <!-- seleniumSearchTest -->
  <system-out/>
  <testcase classname="testScripts.GooglePageTest" name="seleniumSearchTest" time="15.029"/>
  <system-out/>
</testsuite> <!-- testScripts.GooglePageTest -->
