<?xml version="1.0" encoding="UTF-8"?>
<!-- Generated by org.testng.reporters.JUnitReportReporter -->
<testsuite hostname="EC2AMAZ-S11DBRH" failures="0" tests="1" name="testScripts.SampleTwoTest" time="7.275" errors="0" timestamp="2023-07-18T05:09:18 GMT" skipped="0">
  <testcase classname="testScripts.SampleTwoTest" name="cypressSearchTest" time="7.275"/>
  <system-out/>
</testsuite> <!-- testScripts.SampleTwoTest -->
