<?xml version="1.0" encoding="UTF-8"?>
<!-- Generated by org.testng.reporters.JUnitReportReporter -->
<testsuite hostname="EC2AMAZ-S11DBRH" failures="0" tests="3" name="testScripts.SampleThreeTest" time="0.016" errors="0" timestamp="2023-07-18T07:16:28 GMT" skipped="0">
  <testcase classname="testScripts.SampleThreeTest" name="testOne" time="0.002"/>
  <system-out/>
  <testcase classname="testScripts.SampleThreeTest" name="testThree" time="0.002"/>
  <system-out/>
  <testcase classname="testScripts.SampleThreeTest" name="testFour" time="0.012"/>
  <system-out/>
</testsuite> <!-- testScripts.SampleThreeTest -->
