<?xml version="1.0" encoding="UTF-8"?>
<!-- Generated by org.testng.reporters.JUnitReportReporter -->
<testsuite hostname="EC2AMAZ-S11DBRH" failures="0" tests="3" name="testScripts.GooglePageTest" time="10.552" errors="0" timestamp="2023-07-18T06:46:51 GMT" skipped="0">
  <testcase classname="testScripts.GooglePageTest" name="javasearchTest" time="2.404"/>
  <system-out/>
  <testcase classname="testScripts.GooglePageTest" name="appiumSearchTest" time="4.276"/>
  <system-out/>
  <testcase classname="testScripts.GooglePageTest" name="seleniumSearchTest" time="3.872"/>
  <system-out/>
</testsuite> <!-- testScripts.GooglePageTest -->
